2025-07-27 15:53:10.338 [info] [main] Log level: Info
2025-07-27 15:53:10.338 [info] [main] Validating found git in: "git"
2025-07-27 15:53:10.338 [info] [main] Using git "2.50.1" from "git"
2025-07-27 15:53:10.338 [info] [Model][doInitialScan] Initial repository scan started
2025-07-27 15:53:10.338 [info] > git rev-parse --show-toplevel [8ms]
2025-07-27 15:53:10.338 [info] > git rev-parse --show-toplevel [1ms]
2025-07-27 15:53:10.338 [info] > git rev-parse --show-toplevel [1ms]
2025-07-27 15:53:10.338 [info] > git rev-parse --show-toplevel [1ms]
2025-07-27 15:53:10.338 [info] > git rev-parse --show-toplevel [1ms]
2025-07-27 15:53:10.338 [info] > git rev-parse --show-toplevel [1ms]
2025-07-27 15:53:10.338 [info] > git rev-parse --show-toplevel [1ms]
2025-07-27 15:53:10.339 [info] > git rev-parse --show-toplevel [0ms]
2025-07-27 15:53:10.349 [info] > git rev-parse --show-toplevel [5ms]
2025-07-27 15:53:10.377 [info] > git rev-parse --show-toplevel [5ms]
2025-07-27 15:53:10.385 [info] > git rev-parse --show-toplevel [1ms]
2025-07-27 15:53:10.391 [info] > git rev-parse --show-toplevel [1ms]
2025-07-27 15:53:10.397 [info] > git rev-parse --show-toplevel [1ms]
2025-07-27 15:53:10.404 [info] > git rev-parse --show-toplevel [1ms]
2025-07-27 15:53:10.410 [info] > git rev-parse --show-toplevel [1ms]
2025-07-27 15:53:10.416 [info] > git rev-parse --show-toplevel [1ms]
2025-07-27 15:53:10.422 [info] > git rev-parse --show-toplevel [1ms]
2025-07-27 15:53:10.429 [info] > git rev-parse --show-toplevel [1ms]
2025-07-27 15:53:10.435 [info] > git rev-parse --show-toplevel [1ms]
2025-07-27 15:53:10.440 [info] > git rev-parse --show-toplevel [0ms]
2025-07-27 15:53:10.447 [info] > git rev-parse --show-toplevel [1ms]
2025-07-27 15:53:10.453 [info] > git rev-parse --show-toplevel [1ms]
2025-07-27 15:53:10.460 [info] > git rev-parse --show-toplevel [1ms]
2025-07-27 15:53:10.466 [info] > git rev-parse --show-toplevel [1ms]
2025-07-27 15:53:10.472 [info] > git rev-parse --show-toplevel [1ms]
2025-07-27 15:53:10.477 [info] > git rev-parse --show-toplevel [0ms]
2025-07-27 15:53:10.484 [info] > git rev-parse --show-toplevel [1ms]
2025-07-27 15:53:10.490 [info] > git rev-parse --show-toplevel [0ms]
2025-07-27 15:53:10.496 [info] > git rev-parse --show-toplevel [1ms]
2025-07-27 15:53:10.502 [info] > git rev-parse --show-toplevel [1ms]
2025-07-27 15:53:10.508 [info] > git rev-parse --show-toplevel [1ms]
2025-07-27 15:53:10.514 [info] > git rev-parse --show-toplevel [1ms]
2025-07-27 15:53:10.521 [info] > git rev-parse --show-toplevel [1ms]
2025-07-27 15:53:10.527 [info] > git rev-parse --show-toplevel [0ms]
2025-07-27 15:53:10.534 [info] > git rev-parse --show-toplevel [1ms]
2025-07-27 15:53:10.535 [info] [Model][doInitialScan] Initial repository scan completed - repositories (0), closed repositories (0), parent repositories (1), unsafe repositories (0)
2025-07-27 15:53:11.955 [info] > git rev-parse --show-toplevel [1ms]
2025-07-27 15:54:53.053 [info] > git rev-parse --show-toplevel [1ms]
