2025-07-26 15:46:56.198 [info] [main] Log level: Info
2025-07-26 15:46:56.198 [info] [main] Validating found git in: "git"
2025-07-26 15:46:56.198 [info] [main] Using git "2.50.1" from "git"
2025-07-26 15:46:56.198 [info] [Model][doInitialScan] Initial repository scan started
2025-07-26 15:46:56.198 [info] > git rev-parse --show-toplevel [8ms]
2025-07-26 15:46:56.198 [info] > git rev-parse --show-toplevel [1ms]
2025-07-26 15:46:56.198 [info] > git rev-parse --show-toplevel [1ms]
2025-07-26 15:46:56.198 [info] > git rev-parse --show-toplevel [1ms]
2025-07-26 15:46:56.198 [info] > git rev-parse --show-toplevel [1ms]
2025-07-26 15:46:56.198 [info] > git rev-parse --show-toplevel [1ms]
2025-07-26 15:46:56.198 [info] > git rev-parse --show-toplevel [1ms]
2025-07-26 15:46:56.198 [info] > git rev-parse --show-toplevel [1ms]
2025-07-26 15:46:56.198 [info] > git rev-parse --show-toplevel [5ms]
2025-07-26 15:46:56.207 [info] > git rev-parse --show-toplevel [4ms]
2025-07-26 15:46:56.214 [info] > git rev-parse --show-toplevel [1ms]
2025-07-26 15:46:56.220 [info] > git rev-parse --show-toplevel [1ms]
2025-07-26 15:46:56.226 [info] > git rev-parse --show-toplevel [1ms]
2025-07-26 15:46:56.233 [info] > git rev-parse --show-toplevel [2ms]
2025-07-26 15:46:56.239 [info] > git rev-parse --show-toplevel [1ms]
2025-07-26 15:46:56.245 [info] > git rev-parse --show-toplevel [1ms]
2025-07-26 15:46:56.250 [info] > git rev-parse --show-toplevel [1ms]
2025-07-26 15:46:56.256 [info] > git rev-parse --show-toplevel [1ms]
2025-07-26 15:46:56.262 [info] > git rev-parse --show-toplevel [1ms]
2025-07-26 15:46:56.267 [info] > git rev-parse --show-toplevel [1ms]
2025-07-26 15:46:56.273 [info] > git rev-parse --show-toplevel [1ms]
2025-07-26 15:46:56.279 [info] > git rev-parse --show-toplevel [1ms]
2025-07-26 15:46:56.285 [info] > git rev-parse --show-toplevel [1ms]
2025-07-26 15:46:56.291 [info] > git rev-parse --show-toplevel [1ms]
2025-07-26 15:46:56.297 [info] > git rev-parse --show-toplevel [1ms]
2025-07-26 15:46:56.303 [info] > git rev-parse --show-toplevel [1ms]
2025-07-26 15:46:56.309 [info] > git rev-parse --show-toplevel [1ms]
2025-07-26 15:46:56.315 [info] > git rev-parse --show-toplevel [1ms]
2025-07-26 15:46:56.321 [info] > git rev-parse --show-toplevel [1ms]
2025-07-26 15:46:56.321 [info] [Model][doInitialScan] Initial repository scan completed - repositories (0), closed repositories (0), parent repositories (1), unsafe repositories (0)
2025-07-26 15:46:57.731 [info] > git rev-parse --show-toplevel [1ms]
2025-07-26 15:49:35.453 [info] > git rev-parse --show-toplevel [1ms]
2025-07-26 15:49:39.285 [info] > git rev-parse --show-toplevel [2ms]
2025-07-26 15:52:38.881 [info] > git rev-parse --show-toplevel [1ms]
2025-07-26 15:53:09.997 [info] > git rev-parse --show-toplevel [2ms]
2025-07-26 15:53:11.287 [info] > git rev-parse --show-toplevel [1ms]
2025-07-26 15:53:11.685 [info] > git rev-parse --show-toplevel [1ms]
2025-07-26 15:54:14.427 [info] > git rev-parse --show-toplevel [2ms]
2025-07-26 15:54:27.155 [info] > git rev-parse --show-toplevel [1ms]
2025-07-26 15:55:19.463 [info] > git rev-parse --show-toplevel [2ms]
2025-07-26 16:04:00.521 [info] > git rev-parse --show-toplevel [1ms]
2025-07-26 16:06:46.853 [info] > git rev-parse --show-toplevel [1ms]
2025-07-26 16:08:00.901 [info] > git rev-parse --show-toplevel [2ms]
2025-07-26 16:12:00.150 [info] > git rev-parse --show-toplevel [1ms]
2025-07-26 16:12:14.561 [info] > git rev-parse --show-toplevel [1ms]
2025-07-26 16:12:18.606 [info] > git rev-parse --show-toplevel [1ms]
2025-07-26 16:12:21.527 [info] > git rev-parse --show-toplevel [1ms]
2025-07-26 16:12:23.513 [info] > git rev-parse --show-toplevel [1ms]
2025-07-26 16:12:23.827 [info] > git rev-parse --show-toplevel [1ms]
2025-07-26 16:12:26.106 [info] > git rev-parse --show-toplevel [2ms]
2025-07-26 16:12:26.531 [info] > git rev-parse --show-toplevel [1ms]
2025-07-26 16:12:43.446 [info] > git rev-parse --show-toplevel [1ms]
2025-07-26 16:12:45.113 [info] > git rev-parse --show-toplevel [1ms]
2025-07-26 16:12:48.057 [info] > git rev-parse --show-toplevel [1ms]
2025-07-26 16:12:49.087 [info] > git rev-parse --show-toplevel [1ms]
2025-07-26 16:12:49.550 [info] > git rev-parse --show-toplevel [1ms]
2025-07-26 16:12:52.369 [info] > git rev-parse --show-toplevel [1ms]
2025-07-26 16:12:58.497 [info] > git rev-parse --show-toplevel [1ms]
2025-07-26 16:13:02.045 [info] > git rev-parse --show-toplevel [1ms]
2025-07-26 16:13:12.274 [info] > git rev-parse --show-toplevel [1ms]
2025-07-26 16:13:54.591 [info] > git rev-parse --show-toplevel [1ms]
2025-07-26 16:13:56.471 [info] > git rev-parse --show-toplevel [1ms]
2025-07-26 16:14:01.576 [info] > git rev-parse --show-toplevel [1ms]
2025-07-26 16:14:37.723 [info] > git rev-parse --show-toplevel [1ms]
2025-07-26 16:14:42.599 [info] > git rev-parse --show-toplevel [2ms]
2025-07-26 16:14:43.302 [info] > git rev-parse --show-toplevel [1ms]
2025-07-26 16:14:43.845 [info] > git rev-parse --show-toplevel [1ms]
2025-07-26 16:15:12.836 [info] > git rev-parse --show-toplevel [1ms]
2025-07-26 16:15:14.444 [info] > git rev-parse --show-toplevel [1ms]
2025-07-26 16:22:27.655 [info] > git rev-parse --show-toplevel [1ms]
2025-07-26 16:23:46.019 [info] > git rev-parse --show-toplevel [1ms]
2025-07-26 16:23:46.669 [info] > git rev-parse --show-toplevel [1ms]
2025-07-26 16:23:46.966 [info] > git rev-parse --show-toplevel [1ms]
2025-07-26 16:23:47.885 [info] > git rev-parse --show-toplevel [1ms]
2025-07-26 16:24:03.839 [info] > git rev-parse --show-toplevel [1ms]
2025-07-26 16:28:42.240 [info] > git rev-parse --show-toplevel [2ms]
