2025-07-26 22:30:59.407 [info] [main] Log level: Info
2025-07-26 22:30:59.407 [info] [main] Validating found git in: "git"
2025-07-26 22:30:59.407 [info] [main] Using git "2.50.1" from "git"
2025-07-26 22:30:59.407 [info] [Model][doInitialScan] Initial repository scan started
2025-07-26 22:30:59.407 [info] > git rev-parse --show-toplevel [5ms]
2025-07-26 22:30:59.407 [info] > git rev-parse --show-toplevel [1ms]
2025-07-26 22:30:59.407 [info] > git rev-parse --show-toplevel [1ms]
2025-07-26 22:30:59.407 [info] > git rev-parse --show-toplevel [1ms]
2025-07-26 22:30:59.407 [info] > git rev-parse --show-toplevel [1ms]
2025-07-26 22:30:59.407 [info] > git rev-parse --show-toplevel [1ms]
2025-07-26 22:30:59.407 [info] > git rev-parse --show-toplevel [1ms]
2025-07-26 22:30:59.408 [info] > git rev-parse --show-toplevel [2ms]
2025-07-26 22:30:59.421 [info] > git rev-parse --show-toplevel [4ms]
2025-07-26 22:30:59.450 [info] > git rev-parse --show-toplevel [2ms]
2025-07-26 22:30:59.456 [info] > git rev-parse --show-toplevel [0ms]
2025-07-26 22:30:59.461 [info] > git rev-parse --show-toplevel [1ms]
2025-07-26 22:30:59.467 [info] > git rev-parse --show-toplevel [1ms]
2025-07-26 22:30:59.473 [info] > git rev-parse --show-toplevel [1ms]
2025-07-26 22:30:59.479 [info] > git rev-parse --show-toplevel [1ms]
2025-07-26 22:30:59.485 [info] > git rev-parse --show-toplevel [1ms]
2025-07-26 22:30:59.491 [info] > git rev-parse --show-toplevel [1ms]
2025-07-26 22:30:59.496 [info] > git rev-parse --show-toplevel [0ms]
2025-07-26 22:30:59.502 [info] > git rev-parse --show-toplevel [1ms]
2025-07-26 22:30:59.508 [info] > git rev-parse --show-toplevel [1ms]
2025-07-26 22:30:59.513 [info] > git rev-parse --show-toplevel [1ms]
2025-07-26 22:30:59.519 [info] > git rev-parse --show-toplevel [1ms]
2025-07-26 22:30:59.524 [info] > git rev-parse --show-toplevel [1ms]
2025-07-26 22:30:59.530 [info] > git rev-parse --show-toplevel [1ms]
2025-07-26 22:30:59.535 [info] > git rev-parse --show-toplevel [0ms]
2025-07-26 22:30:59.541 [info] > git rev-parse --show-toplevel [1ms]
2025-07-26 22:30:59.547 [info] > git rev-parse --show-toplevel [1ms]
2025-07-26 22:30:59.553 [info] > git rev-parse --show-toplevel [1ms]
2025-07-26 22:30:59.558 [info] > git rev-parse --show-toplevel [1ms]
2025-07-26 22:30:59.564 [info] > git rev-parse --show-toplevel [1ms]
2025-07-26 22:30:59.570 [info] > git rev-parse --show-toplevel [1ms]
2025-07-26 22:30:59.575 [info] > git rev-parse --show-toplevel [1ms]
2025-07-26 22:30:59.581 [info] > git rev-parse --show-toplevel [1ms]
2025-07-26 22:30:59.587 [info] > git rev-parse --show-toplevel [1ms]
2025-07-26 22:30:59.591 [info] > git rev-parse --show-toplevel [1ms]
2025-07-26 22:30:59.592 [info] [Model][doInitialScan] Initial repository scan completed - repositories (0), closed repositories (0), parent repositories (1), unsafe repositories (0)
2025-07-26 22:31:03.758 [info] > git rev-parse --show-toplevel [1ms]
2025-07-26 22:31:03.847 [info] > git rev-parse --show-toplevel [1ms]
2025-07-26 22:31:03.941 [info] > git rev-parse --show-toplevel [1ms]
2025-07-26 22:31:03.984 [info] > git rev-parse --show-toplevel [1ms]
2025-07-26 22:31:27.115 [info] > git rev-parse --show-toplevel [1ms]
2025-07-26 22:31:27.138 [info] > git rev-parse --show-toplevel [1ms]
2025-07-26 22:31:27.143 [info] > git rev-parse --show-toplevel [1ms]
2025-07-26 22:33:29.681 [info] > git rev-parse --show-toplevel [1ms]
2025-07-26 22:33:32.129 [info] > git rev-parse --show-toplevel [1ms]
2025-07-26 22:33:32.136 [info] > git rev-parse --show-toplevel [1ms]
