2025-07-26 22:54:02.203 [info] [main] Log level: Info
2025-07-26 22:54:02.203 [info] [main] Validating found git in: "git"
2025-07-26 22:54:02.203 [info] [main] Using git "2.50.1" from "git"
2025-07-26 22:54:02.203 [info] [Model][doInitialScan] Initial repository scan started
2025-07-26 22:54:02.203 [info] > git rev-parse --show-toplevel [5ms]
2025-07-26 22:54:02.203 [info] > git rev-parse --show-toplevel [3ms]
2025-07-26 22:54:02.203 [info] > git rev-parse --show-toplevel [1ms]
2025-07-26 22:54:02.203 [info] > git rev-parse --show-toplevel [1ms]
2025-07-26 22:54:02.203 [info] > git rev-parse --show-toplevel [1ms]
2025-07-26 22:54:02.203 [info] > git rev-parse --show-toplevel [1ms]
2025-07-26 22:54:02.203 [info] > git rev-parse --show-toplevel [1ms]
2025-07-26 22:54:02.203 [info] > git rev-parse --show-toplevel [1ms]
2025-07-26 22:54:02.204 [info] > git rev-parse --show-toplevel [1ms]
2025-07-26 22:54:02.219 [info] > git rev-parse --show-toplevel [9ms]
2025-07-26 22:54:02.248 [info] > git rev-parse --show-toplevel [5ms]
2025-07-26 22:54:02.258 [info] > git rev-parse --show-toplevel [4ms]
2025-07-26 22:54:02.266 [info] > git rev-parse --show-toplevel [1ms]
2025-07-26 22:54:02.272 [info] > git rev-parse --show-toplevel [1ms]
2025-07-26 22:54:02.280 [info] > git rev-parse --show-toplevel [1ms]
2025-07-26 22:54:02.286 [info] > git rev-parse --show-toplevel [1ms]
2025-07-26 22:54:02.292 [info] > git rev-parse --show-toplevel [1ms]
2025-07-26 22:54:02.299 [info] > git rev-parse --show-toplevel [1ms]
2025-07-26 22:54:02.305 [info] > git rev-parse --show-toplevel [0ms]
2025-07-26 22:54:02.311 [info] > git rev-parse --show-toplevel [1ms]
2025-07-26 22:54:02.318 [info] > git rev-parse --show-toplevel [1ms]
2025-07-26 22:54:02.325 [info] > git rev-parse --show-toplevel [1ms]
2025-07-26 22:54:02.331 [info] > git rev-parse --show-toplevel [1ms]
2025-07-26 22:54:02.338 [info] > git rev-parse --show-toplevel [1ms]
2025-07-26 22:54:02.345 [info] > git rev-parse --show-toplevel [2ms]
2025-07-26 22:54:02.351 [info] > git rev-parse --show-toplevel [1ms]
2025-07-26 22:54:02.357 [info] > git rev-parse --show-toplevel [1ms]
2025-07-26 22:54:02.363 [info] > git rev-parse --show-toplevel [1ms]
2025-07-26 22:54:02.370 [info] > git rev-parse --show-toplevel [1ms]
2025-07-26 22:54:02.376 [info] > git rev-parse --show-toplevel [1ms]
2025-07-26 22:54:02.382 [info] > git rev-parse --show-toplevel [1ms]
2025-07-26 22:54:02.388 [info] > git rev-parse --show-toplevel [1ms]
2025-07-26 22:54:02.394 [info] > git rev-parse --show-toplevel [1ms]
2025-07-26 22:54:02.400 [info] > git rev-parse --show-toplevel [1ms]
2025-07-26 22:54:02.406 [info] > git rev-parse --show-toplevel [1ms]
2025-07-26 22:54:02.413 [info] > git rev-parse --show-toplevel [1ms]
2025-07-26 22:54:02.414 [info] [Model][doInitialScan] Initial repository scan completed - repositories (0), closed repositories (0), parent repositories (1), unsafe repositories (0)
2025-07-26 22:54:02.421 [info] > git rev-parse --show-toplevel [1ms]
2025-07-26 22:54:04.248 [info] > git rev-parse --show-toplevel [1ms]
2025-07-26 22:54:07.883 [info] > git rev-parse --show-toplevel [1ms]
2025-07-26 22:54:07.904 [info] > git rev-parse --show-toplevel [1ms]
2025-07-26 22:54:07.910 [info] > git rev-parse --show-toplevel [1ms]
2025-07-26 22:54:08.997 [info] > git rev-parse --show-toplevel [1ms]
2025-07-26 22:54:09.005 [info] > git rev-parse --show-toplevel [1ms]
2025-07-26 22:54:09.011 [info] > git rev-parse --show-toplevel [1ms]
2025-07-26 22:54:11.726 [info] > git rev-parse --show-toplevel [1ms]
2025-07-26 22:54:11.735 [info] > git rev-parse --show-toplevel [1ms]
2025-07-26 22:54:11.740 [info] > git rev-parse --show-toplevel [1ms]
2025-07-26 22:54:20.096 [info] > git rev-parse --show-toplevel [2ms]
2025-07-26 22:54:20.112 [info] > git rev-parse --show-toplevel [1ms]
2025-07-26 22:54:20.119 [info] > git rev-parse --show-toplevel [1ms]
2025-07-26 22:55:01.420 [info] > git rev-parse --show-toplevel [1ms]
2025-07-26 22:55:01.440 [info] > git rev-parse --show-toplevel [1ms]
2025-07-26 22:55:01.446 [info] > git rev-parse --show-toplevel [0ms]
2025-07-26 22:56:01.762 [info] > git rev-parse --show-toplevel [1ms]
2025-07-26 22:56:01.775 [info] > git rev-parse --show-toplevel [1ms]
2025-07-26 22:56:01.781 [info] > git rev-parse --show-toplevel [1ms]
2025-07-26 22:56:23.319 [info] > git rev-parse --show-toplevel [1ms]
2025-07-26 22:56:23.331 [info] > git rev-parse --show-toplevel [1ms]
2025-07-26 22:56:23.338 [info] > git rev-parse --show-toplevel [1ms]
2025-07-26 22:56:25.032 [info] > git rev-parse --show-toplevel [1ms]
2025-07-26 22:56:25.040 [info] > git rev-parse --show-toplevel [1ms]
2025-07-26 22:56:25.047 [info] > git rev-parse --show-toplevel [1ms]
2025-07-26 22:57:05.358 [info] > git rev-parse --show-toplevel [0ms]
2025-07-26 22:57:05.365 [info] > git rev-parse --show-toplevel [1ms]
2025-07-26 22:57:05.370 [info] > git rev-parse --show-toplevel [0ms]
2025-07-26 22:58:12.904 [info] > git rev-parse --show-toplevel [1ms]
2025-07-26 22:58:12.915 [info] > git rev-parse --show-toplevel [1ms]
2025-07-26 22:58:12.922 [info] > git rev-parse --show-toplevel [1ms]
2025-07-26 22:59:18.671 [info] > git rev-parse --show-toplevel [1ms]
2025-07-26 22:59:18.713 [info] > git rev-parse --show-toplevel [1ms]
2025-07-26 22:59:18.720 [info] > git rev-parse --show-toplevel [1ms]
2025-07-26 22:59:43.774 [info] > git rev-parse --show-toplevel [1ms]
2025-07-26 22:59:43.800 [info] > git rev-parse --show-toplevel [1ms]
2025-07-26 22:59:43.808 [info] > git rev-parse --show-toplevel [1ms]
2025-07-26 22:59:45.901 [info] > git rev-parse --show-toplevel [1ms]
2025-07-26 22:59:45.918 [info] > git rev-parse --show-toplevel [1ms]
2025-07-26 22:59:45.926 [info] > git rev-parse --show-toplevel [2ms]
2025-07-26 22:59:48.864 [info] > git rev-parse --show-toplevel [2ms]
2025-07-26 22:59:48.878 [info] > git rev-parse --show-toplevel [1ms]
2025-07-26 22:59:48.884 [info] > git rev-parse --show-toplevel [1ms]
2025-07-26 22:59:49.666 [info] > git rev-parse --show-toplevel [1ms]
2025-07-26 22:59:49.690 [info] > git rev-parse --show-toplevel [1ms]
2025-07-26 22:59:49.696 [info] > git rev-parse --show-toplevel [0ms]
2025-07-26 22:59:49.704 [info] > git rev-parse --show-toplevel [1ms]
2025-07-26 22:59:52.150 [info] > git rev-parse --show-toplevel [1ms]
2025-07-26 22:59:52.164 [info] > git rev-parse --show-toplevel [1ms]
2025-07-26 22:59:52.171 [info] > git rev-parse --show-toplevel [1ms]
2025-07-26 23:01:32.674 [info] > git rev-parse --show-toplevel [1ms]
2025-07-26 23:01:32.688 [info] > git rev-parse --show-toplevel [1ms]
2025-07-26 23:01:32.694 [info] > git rev-parse --show-toplevel [1ms]
2025-07-26 23:01:54.183 [info] > git rev-parse --show-toplevel [1ms]
2025-07-26 23:01:54.190 [info] > git rev-parse --show-toplevel [1ms]
2025-07-26 23:01:54.197 [info] > git rev-parse --show-toplevel [1ms]
2025-07-26 23:01:54.772 [info] > git rev-parse --show-toplevel [1ms]
2025-07-26 23:01:54.780 [info] > git rev-parse --show-toplevel [1ms]
2025-07-26 23:01:54.787 [info] > git rev-parse --show-toplevel [1ms]
