2025-07-27 15:49:34.892 [info] [main] Log level: Info
2025-07-27 15:49:34.892 [info] [main] Validating found git in: "git"
2025-07-27 15:49:34.892 [info] [main] Using git "2.50.1" from "git"
2025-07-27 15:49:34.892 [info] [Model][doInitialScan] Initial repository scan started
2025-07-27 15:49:34.892 [info] > git rev-parse --show-toplevel [7ms]
2025-07-27 15:49:34.892 [info] > git rev-parse --show-toplevel [1ms]
2025-07-27 15:49:34.892 [info] > git rev-parse --show-toplevel [1ms]
2025-07-27 15:49:34.892 [info] > git rev-parse --show-toplevel [1ms]
2025-07-27 15:49:34.892 [info] > git rev-parse --show-toplevel [1ms]
2025-07-27 15:49:34.892 [info] > git rev-parse --show-toplevel [2ms]
2025-07-27 15:49:34.893 [info] > git rev-parse --show-toplevel [2ms]
2025-07-27 15:49:34.923 [info] > git rev-parse --show-toplevel [19ms]
2025-07-27 15:49:34.933 [info] > git rev-parse --show-toplevel [1ms]
2025-07-27 15:49:34.939 [info] > git rev-parse --show-toplevel [1ms]
2025-07-27 15:49:34.945 [info] > git rev-parse --show-toplevel [1ms]
2025-07-27 15:49:34.951 [info] > git rev-parse --show-toplevel [1ms]
2025-07-27 15:49:34.957 [info] > git rev-parse --show-toplevel [1ms]
2025-07-27 15:49:34.963 [info] > git rev-parse --show-toplevel [1ms]
2025-07-27 15:49:34.969 [info] > git rev-parse --show-toplevel [1ms]
2025-07-27 15:49:34.975 [info] > git rev-parse --show-toplevel [1ms]
2025-07-27 15:49:34.980 [info] > git rev-parse --show-toplevel [0ms]
2025-07-27 15:49:34.986 [info] > git rev-parse --show-toplevel [1ms]
2025-07-27 15:49:34.992 [info] > git rev-parse --show-toplevel [1ms]
2025-07-27 15:49:34.998 [info] > git rev-parse --show-toplevel [1ms]
2025-07-27 15:49:35.003 [info] > git rev-parse --show-toplevel [1ms]
2025-07-27 15:49:35.009 [info] > git rev-parse --show-toplevel [1ms]
2025-07-27 15:49:35.014 [info] > git rev-parse --show-toplevel [0ms]
2025-07-27 15:49:35.020 [info] > git rev-parse --show-toplevel [1ms]
2025-07-27 15:49:35.026 [info] > git rev-parse --show-toplevel [1ms]
2025-07-27 15:49:35.032 [info] > git rev-parse --show-toplevel [1ms]
2025-07-27 15:49:35.037 [info] > git rev-parse --show-toplevel [1ms]
2025-07-27 15:49:35.043 [info] > git rev-parse --show-toplevel [1ms]
2025-07-27 15:49:35.048 [info] > git rev-parse --show-toplevel [1ms]
2025-07-27 15:49:35.054 [info] > git rev-parse --show-toplevel [1ms]
2025-07-27 15:49:35.059 [info] > git rev-parse --show-toplevel [1ms]
2025-07-27 15:49:35.065 [info] > git rev-parse --show-toplevel [1ms]
2025-07-27 15:49:35.071 [info] > git rev-parse --show-toplevel [1ms]
2025-07-27 15:49:35.076 [info] > git rev-parse --show-toplevel [0ms]
2025-07-27 15:49:35.082 [info] > git rev-parse --show-toplevel [1ms]
2025-07-27 15:49:35.083 [info] [Model][doInitialScan] Initial repository scan completed - repositories (0), closed repositories (0), parent repositories (1), unsafe repositories (0)
2025-07-27 15:49:36.322 [info] > git rev-parse --show-toplevel [1ms]
