2025-07-27 15:21:14.539 [info] [main] Log level: Info
2025-07-27 15:21:14.539 [info] [main] Validating found git in: "git"
2025-07-27 15:21:14.539 [info] [main] Using git "2.50.1" from "git"
2025-07-27 15:21:14.539 [info] [Model][doInitialScan] Initial repository scan started
2025-07-27 15:21:14.539 [info] > git rev-parse --show-toplevel [5ms]
2025-07-27 15:21:14.539 [info] > git rev-parse --show-toplevel [2ms]
2025-07-27 15:21:14.539 [info] > git rev-parse --show-toplevel [2ms]
2025-07-27 15:21:14.539 [info] > git rev-parse --show-toplevel [2ms]
2025-07-27 15:21:14.607 [info] > git rev-parse --show-toplevel [1ms]
2025-07-27 15:21:14.613 [info] > git rev-parse --show-toplevel [1ms]
2025-07-27 15:21:14.619 [info] > git rev-parse --show-toplevel [1ms]
2025-07-27 15:21:14.625 [info] > git rev-parse --show-toplevel [1ms]
2025-07-27 15:21:14.631 [info] > git rev-parse --show-toplevel [1ms]
2025-07-27 15:21:14.637 [info] > git rev-parse --show-toplevel [1ms]
2025-07-27 15:21:14.643 [info] > git rev-parse --show-toplevel [1ms]
2025-07-27 15:21:14.649 [info] > git rev-parse --show-toplevel [1ms]
2025-07-27 15:21:14.654 [info] > git rev-parse --show-toplevel [0ms]
2025-07-27 15:21:14.660 [info] > git rev-parse --show-toplevel [1ms]
2025-07-27 15:21:14.666 [info] > git rev-parse --show-toplevel [1ms]
2025-07-27 15:21:14.672 [info] > git rev-parse --show-toplevel [1ms]
2025-07-27 15:21:14.678 [info] > git rev-parse --show-toplevel [1ms]
2025-07-27 15:21:14.690 [info] > git rev-parse --show-toplevel [8ms]
2025-07-27 15:21:14.701 [info] > git rev-parse --show-toplevel [2ms]
2025-07-27 15:21:14.707 [info] > git rev-parse --show-toplevel [1ms]
2025-07-27 15:21:14.714 [info] > git rev-parse --show-toplevel [1ms]
2025-07-27 15:21:14.720 [info] > git rev-parse --show-toplevel [1ms]
2025-07-27 15:21:14.726 [info] > git rev-parse --show-toplevel [1ms]
2025-07-27 15:21:14.731 [info] > git rev-parse --show-toplevel [0ms]
2025-07-27 15:21:14.737 [info] > git rev-parse --show-toplevel [1ms]
2025-07-27 15:21:14.743 [info] > git rev-parse --show-toplevel [1ms]
2025-07-27 15:21:14.749 [info] > git rev-parse --show-toplevel [1ms]
2025-07-27 15:21:14.754 [info] > git rev-parse --show-toplevel [1ms]
2025-07-27 15:21:14.760 [info] > git rev-parse --show-toplevel [1ms]
2025-07-27 15:21:14.765 [info] > git rev-parse --show-toplevel [1ms]
2025-07-27 15:21:14.771 [info] > git rev-parse --show-toplevel [1ms]
2025-07-27 15:21:14.776 [info] > git rev-parse --show-toplevel [0ms]
2025-07-27 15:21:14.782 [info] > git rev-parse --show-toplevel [1ms]
2025-07-27 15:21:14.788 [info] > git rev-parse --show-toplevel [1ms]
2025-07-27 15:21:14.793 [info] > git rev-parse --show-toplevel [1ms]
2025-07-27 15:21:14.798 [info] > git rev-parse --show-toplevel [0ms]
2025-07-27 15:21:14.804 [info] > git rev-parse --show-toplevel [1ms]
2025-07-27 15:21:14.805 [info] [Model][doInitialScan] Initial repository scan completed - repositories (0), closed repositories (0), parent repositories (1), unsafe repositories (0)
2025-07-27 15:21:15.816 [info] > git rev-parse --show-toplevel [1ms]
2025-07-27 15:22:05.490 [info] > git rev-parse --show-toplevel [1ms]
2025-07-27 15:22:05.496 [info] > git rev-parse --show-toplevel [1ms]
2025-07-27 15:22:05.509 [info] > git rev-parse --show-toplevel [1ms]
2025-07-27 15:22:05.515 [info] > git rev-parse --show-toplevel [1ms]
2025-07-27 15:22:05.522 [info] > git rev-parse --show-toplevel [1ms]
2025-07-27 15:22:13.382 [info] > git rev-parse --show-toplevel [1ms]
2025-07-27 15:22:13.388 [info] > git rev-parse --show-toplevel [1ms]
2025-07-27 15:22:13.403 [info] > git rev-parse --show-toplevel [1ms]
2025-07-27 15:22:13.410 [info] > git rev-parse --show-toplevel [1ms]
2025-07-27 15:22:13.416 [info] > git rev-parse --show-toplevel [0ms]
2025-07-27 15:22:23.439 [info] > git rev-parse --show-toplevel [1ms]
2025-07-27 15:22:23.445 [info] > git rev-parse --show-toplevel [0ms]
2025-07-27 15:22:24.457 [info] > git rev-parse --show-toplevel [1ms]
2025-07-27 15:22:24.472 [info] > git rev-parse --show-toplevel [1ms]
2025-07-27 15:22:24.479 [info] > git rev-parse --show-toplevel [1ms]
2025-07-27 15:22:28.591 [info] > git rev-parse --show-toplevel [1ms]
2025-07-27 15:22:28.600 [info] > git rev-parse --show-toplevel [1ms]
2025-07-27 15:22:28.607 [info] > git rev-parse --show-toplevel [1ms]
2025-07-27 15:22:30.278 [info] > git rev-parse --show-toplevel [1ms]
2025-07-27 15:37:46.514 [info] > git rev-parse --show-toplevel [1ms]
2025-07-27 15:46:44.411 [info] > git rev-parse --show-toplevel [1ms]
