2025-07-26 17:13:40.126 [info] [main] Log level: Info
2025-07-26 17:13:40.126 [info] [main] Validating found git in: "git"
2025-07-26 17:13:40.126 [info] [main] Using git "2.50.1" from "git"
2025-07-26 17:13:40.126 [info] [Model][doInitialScan] Initial repository scan started
2025-07-26 17:13:40.126 [info] > git rev-parse --show-toplevel [6ms]
2025-07-26 17:13:40.126 [info] > git rev-parse --show-toplevel [1ms]
2025-07-26 17:13:40.126 [info] > git rev-parse --show-toplevel [1ms]
2025-07-26 17:13:40.126 [info] > git rev-parse --show-toplevel [1ms]
2025-07-26 17:13:40.126 [info] > git rev-parse --show-toplevel [2ms]
2025-07-26 17:13:40.126 [info] > git rev-parse --show-toplevel [1ms]
2025-07-26 17:13:40.126 [info] > git rev-parse --show-toplevel [1ms]
2025-07-26 17:13:40.126 [info] > git rev-parse --show-toplevel [1ms]
2025-07-26 17:13:40.126 [info] > git rev-parse --show-toplevel [5ms]
2025-07-26 17:13:40.135 [info] > git rev-parse --show-toplevel [4ms]
2025-07-26 17:13:40.142 [info] > git rev-parse --show-toplevel [1ms]
2025-07-26 17:13:40.148 [info] > git rev-parse --show-toplevel [1ms]
2025-07-26 17:13:40.154 [info] > git rev-parse --show-toplevel [1ms]
2025-07-26 17:13:40.160 [info] > git rev-parse --show-toplevel [0ms]
2025-07-26 17:13:40.166 [info] > git rev-parse --show-toplevel [1ms]
2025-07-26 17:13:40.172 [info] > git rev-parse --show-toplevel [1ms]
2025-07-26 17:13:40.178 [info] > git rev-parse --show-toplevel [1ms]
2025-07-26 17:13:40.184 [info] > git rev-parse --show-toplevel [1ms]
2025-07-26 17:13:40.190 [info] > git rev-parse --show-toplevel [1ms]
2025-07-26 17:13:40.195 [info] > git rev-parse --show-toplevel [1ms]
2025-07-26 17:13:40.201 [info] > git rev-parse --show-toplevel [1ms]
2025-07-26 17:13:40.207 [info] > git rev-parse --show-toplevel [1ms]
2025-07-26 17:13:40.213 [info] > git rev-parse --show-toplevel [1ms]
2025-07-26 17:13:40.219 [info] > git rev-parse --show-toplevel [1ms]
2025-07-26 17:13:40.224 [info] > git rev-parse --show-toplevel [1ms]
2025-07-26 17:13:40.230 [info] > git rev-parse --show-toplevel [1ms]
2025-07-26 17:13:40.235 [info] > git rev-parse --show-toplevel [0ms]
2025-07-26 17:13:40.241 [info] > git rev-parse --show-toplevel [1ms]
2025-07-26 17:13:40.247 [info] > git rev-parse --show-toplevel [1ms]
2025-07-26 17:13:40.248 [info] [Model][doInitialScan] Initial repository scan completed - repositories (0), closed repositories (0), parent repositories (1), unsafe repositories (0)
2025-07-26 17:13:41.659 [info] > git rev-parse --show-toplevel [1ms]
2025-07-26 17:14:01.396 [info] > git rev-parse --show-toplevel [1ms]
2025-07-26 17:14:03.711 [info] > git rev-parse --show-toplevel [1ms]
2025-07-26 17:14:09.112 [info] > git rev-parse --show-toplevel [1ms]
2025-07-26 17:16:15.551 [info] > git rev-parse --show-toplevel [1ms]
2025-07-26 17:16:38.755 [info] > git rev-parse --show-toplevel [2ms]
2025-07-26 17:16:52.357 [info] > git rev-parse --show-toplevel [1ms]
2025-07-26 17:17:38.848 [info] > git rev-parse --show-toplevel [1ms]
2025-07-26 19:40:43.963 [info] > git rev-parse --show-toplevel [1ms]
2025-07-26 19:59:36.065 [info] > git rev-parse --show-toplevel [1ms]
2025-07-26 19:59:41.781 [info] > git rev-parse --show-toplevel [1ms]
2025-07-26 20:00:40.171 [info] > git rev-parse --show-toplevel [1ms]
2025-07-26 20:01:25.675 [info] > git rev-parse --show-toplevel [1ms]
2025-07-26 20:01:30.756 [info] > git rev-parse --show-toplevel [1ms]
2025-07-26 20:01:52.686 [info] > git rev-parse --show-toplevel [2ms]
2025-07-26 20:01:55.865 [info] > git rev-parse --show-toplevel [1ms]
2025-07-26 20:01:56.484 [info] > git rev-parse --show-toplevel [1ms]
2025-07-26 20:01:56.801 [info] > git rev-parse --show-toplevel [2ms]
2025-07-26 20:01:58.619 [info] > git rev-parse --show-toplevel [2ms]
2025-07-26 20:02:00.834 [info] > git rev-parse --show-toplevel [2ms]
2025-07-26 20:02:01.625 [info] > git rev-parse --show-toplevel [1ms]
2025-07-26 20:02:34.883 [info] > git rev-parse --show-toplevel [1ms]
2025-07-26 20:02:50.711 [info] > git rev-parse --show-toplevel [2ms]
2025-07-26 20:02:50.718 [info] > git rev-parse --show-toplevel [1ms]
2025-07-26 20:02:50.725 [info] > git rev-parse --show-toplevel [1ms]
2025-07-26 20:04:27.196 [info] > git rev-parse --show-toplevel [1ms]
2025-07-26 20:04:27.204 [info] > git rev-parse --show-toplevel [1ms]
2025-07-26 20:04:27.211 [info] > git rev-parse --show-toplevel [0ms]
2025-07-26 20:04:29.396 [info] > git rev-parse --show-toplevel [1ms]
2025-07-26 20:04:29.411 [info] > git rev-parse --show-toplevel [1ms]
2025-07-26 20:04:29.419 [info] > git rev-parse --show-toplevel [1ms]
2025-07-26 20:08:38.597 [info] > git rev-parse --show-toplevel [1ms]
2025-07-26 20:08:38.614 [info] > git rev-parse --show-toplevel [1ms]
2025-07-26 20:08:38.619 [info] > git rev-parse --show-toplevel [0ms]
2025-07-26 20:13:54.842 [info] > git rev-parse --show-toplevel [1ms]
2025-07-26 20:13:54.861 [info] > git rev-parse --show-toplevel [1ms]
2025-07-26 20:13:54.868 [info] > git rev-parse --show-toplevel [1ms]
2025-07-26 20:13:59.519 [info] > git rev-parse --show-toplevel [1ms]
2025-07-26 20:13:59.550 [info] > git rev-parse --show-toplevel [1ms]
2025-07-26 20:13:59.557 [info] > git rev-parse --show-toplevel [1ms]
2025-07-26 20:15:14.287 [info] > git rev-parse --show-toplevel [1ms]
2025-07-26 20:15:14.296 [info] > git rev-parse --show-toplevel [2ms]
2025-07-26 20:15:14.303 [info] > git rev-parse --show-toplevel [1ms]
2025-07-26 21:24:27.691 [info] > git rev-parse --show-toplevel [1ms]
2025-07-26 21:24:27.707 [info] > git rev-parse --show-toplevel [1ms]
2025-07-26 21:24:27.714 [info] > git rev-parse --show-toplevel [1ms]
2025-07-26 21:24:28.333 [info] > git rev-parse --show-toplevel [1ms]
2025-07-26 21:24:28.343 [info] > git rev-parse --show-toplevel [1ms]
2025-07-26 21:24:28.350 [info] > git rev-parse --show-toplevel [1ms]
2025-07-26 21:24:29.396 [info] > git rev-parse --show-toplevel [1ms]
2025-07-26 21:24:29.404 [info] > git rev-parse --show-toplevel [1ms]
2025-07-26 21:24:29.410 [info] > git rev-parse --show-toplevel [1ms]
2025-07-26 21:25:06.515 [info] > git rev-parse --show-toplevel [1ms]
2025-07-26 21:25:06.524 [info] > git rev-parse --show-toplevel [1ms]
2025-07-26 21:25:06.530 [info] > git rev-parse --show-toplevel [1ms]
2025-07-26 21:27:04.664 [info] > git rev-parse --show-toplevel [1ms]
2025-07-26 21:27:04.674 [info] > git rev-parse --show-toplevel [2ms]
2025-07-26 21:27:04.680 [info] > git rev-parse --show-toplevel [1ms]
2025-07-26 21:27:09.337 [info] > git rev-parse --show-toplevel [1ms]
2025-07-26 21:27:09.345 [info] > git rev-parse --show-toplevel [1ms]
2025-07-26 21:27:09.350 [info] > git rev-parse --show-toplevel [1ms]
2025-07-26 21:27:21.711 [info] > git rev-parse --show-toplevel [1ms]
2025-07-26 21:27:21.719 [info] > git rev-parse --show-toplevel [1ms]
2025-07-26 21:27:21.726 [info] > git rev-parse --show-toplevel [1ms]
2025-07-26 21:27:29.224 [info] > git rev-parse --show-toplevel [1ms]
2025-07-26 21:27:29.233 [info] > git rev-parse --show-toplevel [1ms]
2025-07-26 21:27:29.239 [info] > git rev-parse --show-toplevel [1ms]
2025-07-26 21:27:32.911 [info] > git rev-parse --show-toplevel [1ms]
2025-07-26 21:27:32.920 [info] > git rev-parse --show-toplevel [1ms]
2025-07-26 21:27:32.927 [info] > git rev-parse --show-toplevel [1ms]
2025-07-26 21:27:44.034 [info] > git rev-parse --show-toplevel [1ms]
2025-07-26 21:27:44.043 [info] > git rev-parse --show-toplevel [1ms]
2025-07-26 21:27:44.050 [info] > git rev-parse --show-toplevel [1ms]
2025-07-26 21:27:50.459 [info] > git rev-parse --show-toplevel [1ms]
2025-07-26 21:27:50.469 [info] > git rev-parse --show-toplevel [1ms]
2025-07-26 21:27:50.475 [info] > git rev-parse --show-toplevel [1ms]
2025-07-26 21:28:09.517 [info] > git rev-parse --show-toplevel [1ms]
2025-07-26 21:28:09.541 [info] > git rev-parse --show-toplevel [1ms]
2025-07-26 21:28:09.547 [info] > git rev-parse --show-toplevel [1ms]
2025-07-26 21:28:12.124 [info] > git rev-parse --show-toplevel [1ms]
2025-07-26 21:28:12.131 [info] > git rev-parse --show-toplevel [1ms]
2025-07-26 21:28:12.138 [info] > git rev-parse --show-toplevel [0ms]
2025-07-26 21:28:13.967 [info] > git rev-parse --show-toplevel [2ms]
2025-07-26 21:28:13.975 [info] > git rev-parse --show-toplevel [2ms]
2025-07-26 21:28:13.982 [info] > git rev-parse --show-toplevel [0ms]
2025-07-26 21:28:19.546 [info] > git rev-parse --show-toplevel [2ms]
2025-07-26 21:28:19.554 [info] > git rev-parse --show-toplevel [1ms]
2025-07-26 21:28:19.560 [info] > git rev-parse --show-toplevel [0ms]
2025-07-26 21:29:34.938 [info] > git rev-parse --show-toplevel [1ms]
2025-07-26 21:29:34.946 [info] > git rev-parse --show-toplevel [1ms]
2025-07-26 21:29:34.952 [info] > git rev-parse --show-toplevel [1ms]
2025-07-26 21:31:56.271 [info] > git rev-parse --show-toplevel [1ms]
2025-07-26 21:31:56.279 [info] > git rev-parse --show-toplevel [1ms]
2025-07-26 21:31:56.286 [info] > git rev-parse --show-toplevel [1ms]
