2025-07-27 10:44:23.742 [info] [main] Log level: Info
2025-07-27 10:44:23.742 [info] [main] Validating found git in: "git"
2025-07-27 10:44:23.742 [info] [main] Using git "2.50.1" from "git"
2025-07-27 10:44:23.742 [info] [Model][doInitialScan] Initial repository scan started
2025-07-27 10:44:23.742 [info] > git rev-parse --show-toplevel [11ms]
2025-07-27 10:44:23.742 [info] > git rev-parse --show-toplevel [8ms]
2025-07-27 10:44:23.742 [info] > git rev-parse --show-toplevel [2ms]
2025-07-27 10:44:23.742 [info] > git rev-parse --show-toplevel [1ms]
2025-07-27 10:44:23.742 [info] > git rev-parse --show-toplevel [1ms]
2025-07-27 10:44:23.742 [info] > git rev-parse --show-toplevel [1ms]
2025-07-27 10:44:23.742 [info] > git rev-parse --show-toplevel [1ms]
2025-07-27 10:44:23.753 [info] > git rev-parse --show-toplevel [5ms]
2025-07-27 10:44:23.782 [info] > git rev-parse --show-toplevel [4ms]
2025-07-27 10:44:23.789 [info] > git rev-parse --show-toplevel [1ms]
2025-07-27 10:44:23.795 [info] > git rev-parse --show-toplevel [1ms]
2025-07-27 10:44:23.802 [info] > git rev-parse --show-toplevel [1ms]
2025-07-27 10:44:23.809 [info] > git rev-parse --show-toplevel [1ms]
2025-07-27 10:44:23.816 [info] > git rev-parse --show-toplevel [2ms]
2025-07-27 10:44:23.822 [info] > git rev-parse --show-toplevel [1ms]
2025-07-27 10:44:23.828 [info] > git rev-parse --show-toplevel [1ms]
2025-07-27 10:44:23.835 [info] > git rev-parse --show-toplevel [1ms]
2025-07-27 10:44:23.842 [info] > git rev-parse --show-toplevel [2ms]
2025-07-27 10:44:23.848 [info] > git rev-parse --show-toplevel [1ms]
2025-07-27 10:44:23.930 [info] > git rev-parse --show-toplevel [77ms]
2025-07-27 10:44:23.947 [info] > git rev-parse --show-toplevel [9ms]
2025-07-27 10:44:23.976 [info] > git rev-parse --show-toplevel [1ms]
2025-07-27 10:44:23.984 [info] > git rev-parse --show-toplevel [2ms]
2025-07-27 10:44:23.992 [info] > git rev-parse --show-toplevel [2ms]
2025-07-27 10:44:23.998 [info] > git rev-parse --show-toplevel [1ms]
2025-07-27 10:44:24.004 [info] > git rev-parse --show-toplevel [1ms]
2025-07-27 10:44:24.010 [info] > git rev-parse --show-toplevel [1ms]
2025-07-27 10:44:24.016 [info] > git rev-parse --show-toplevel [1ms]
2025-07-27 10:44:24.023 [info] > git rev-parse --show-toplevel [1ms]
2025-07-27 10:44:24.030 [info] > git rev-parse --show-toplevel [1ms]
2025-07-27 10:44:24.037 [info] > git rev-parse --show-toplevel [1ms]
2025-07-27 10:44:24.043 [info] > git rev-parse --show-toplevel [1ms]
2025-07-27 10:44:24.049 [info] > git rev-parse --show-toplevel [1ms]
2025-07-27 10:44:24.055 [info] > git rev-parse --show-toplevel [1ms]
2025-07-27 10:44:24.061 [info] > git rev-parse --show-toplevel [1ms]
2025-07-27 10:44:24.067 [info] > git rev-parse --show-toplevel [1ms]
2025-07-27 10:44:24.068 [info] [Model][doInitialScan] Initial repository scan completed - repositories (0), closed repositories (0), parent repositories (1), unsafe repositories (0)
2025-07-27 10:44:25.421 [info] > git rev-parse --show-toplevel [1ms]
2025-07-27 10:45:26.946 [info] > git rev-parse --show-toplevel [1ms]
2025-07-27 10:45:26.972 [info] > git rev-parse --show-toplevel [1ms]
2025-07-27 10:45:26.978 [info] > git rev-parse --show-toplevel [1ms]
2025-07-27 10:45:31.307 [info] > git rev-parse --show-toplevel [2ms]
2025-07-27 10:45:31.324 [info] > git rev-parse --show-toplevel [2ms]
2025-07-27 10:45:31.331 [info] > git rev-parse --show-toplevel [1ms]
2025-07-27 10:45:31.338 [info] > git rev-parse --show-toplevel [1ms]
2025-07-27 10:45:31.346 [info] > git rev-parse --show-toplevel [1ms]
2025-07-27 10:45:31.353 [info] > git rev-parse --show-toplevel [1ms]
2025-07-27 10:45:35.536 [info] > git rev-parse --show-toplevel [1ms]
2025-07-27 10:45:35.542 [info] > git rev-parse --show-toplevel [1ms]
2025-07-27 10:45:37.298 [info] > git rev-parse --show-toplevel [1ms]
2025-07-27 10:45:37.312 [info] > git rev-parse --show-toplevel [1ms]
2025-07-27 10:45:37.319 [info] > git rev-parse --show-toplevel [1ms]
2025-07-27 10:45:40.822 [info] > git rev-parse --show-toplevel [1ms]
2025-07-27 10:45:40.835 [info] > git rev-parse --show-toplevel [3ms]
2025-07-27 10:45:40.841 [info] > git rev-parse --show-toplevel [1ms]
2025-07-27 10:45:40.847 [info] > git rev-parse --show-toplevel [1ms]
2025-07-27 10:45:40.854 [info] > git rev-parse --show-toplevel [1ms]
2025-07-27 10:45:40.860 [info] > git rev-parse --show-toplevel [1ms]
