2025-07-27 15:52:33.323 [info] [main] Log level: Info
2025-07-27 15:52:33.323 [info] [main] Validating found git in: "git"
2025-07-27 15:52:33.323 [info] [main] Using git "2.50.1" from "git"
2025-07-27 15:52:33.323 [info] [Model][doInitialScan] Initial repository scan started
2025-07-27 15:52:33.323 [info] > git rev-parse --show-toplevel [6ms]
2025-07-27 15:52:33.323 [info] > git rev-parse --show-toplevel [2ms]
2025-07-27 15:52:33.323 [info] > git rev-parse --show-toplevel [0ms]
2025-07-27 15:52:33.323 [info] > git rev-parse --show-toplevel [1ms]
2025-07-27 15:52:33.323 [info] > git rev-parse --show-toplevel [1ms]
2025-07-27 15:52:33.323 [info] > git rev-parse --show-toplevel [1ms]
2025-07-27 15:52:33.323 [info] > git rev-parse --show-toplevel [1ms]
2025-07-27 15:52:33.333 [info] > git rev-parse --show-toplevel [5ms]
2025-07-27 15:52:33.362 [info] > git rev-parse --show-toplevel [4ms]
2025-07-27 15:52:33.370 [info] > git rev-parse --show-toplevel [1ms]
2025-07-27 15:52:33.376 [info] > git rev-parse --show-toplevel [1ms]
2025-07-27 15:52:33.382 [info] > git rev-parse --show-toplevel [1ms]
2025-07-27 15:52:33.389 [info] > git rev-parse --show-toplevel [2ms]
2025-07-27 15:52:33.395 [info] > git rev-parse --show-toplevel [1ms]
2025-07-27 15:52:33.401 [info] > git rev-parse --show-toplevel [1ms]
2025-07-27 15:52:33.407 [info] > git rev-parse --show-toplevel [1ms]
2025-07-27 15:52:33.413 [info] > git rev-parse --show-toplevel [1ms]
2025-07-27 15:52:33.419 [info] > git rev-parse --show-toplevel [1ms]
2025-07-27 15:52:33.425 [info] > git rev-parse --show-toplevel [1ms]
2025-07-27 15:52:33.431 [info] > git rev-parse --show-toplevel [1ms]
2025-07-27 15:52:33.437 [info] > git rev-parse --show-toplevel [1ms]
2025-07-27 15:52:33.443 [info] > git rev-parse --show-toplevel [1ms]
2025-07-27 15:52:33.449 [info] > git rev-parse --show-toplevel [1ms]
2025-07-27 15:52:33.454 [info] > git rev-parse --show-toplevel [1ms]
2025-07-27 15:52:33.461 [info] > git rev-parse --show-toplevel [1ms]
2025-07-27 15:52:33.467 [info] > git rev-parse --show-toplevel [1ms]
2025-07-27 15:52:33.473 [info] > git rev-parse --show-toplevel [1ms]
2025-07-27 15:52:33.479 [info] > git rev-parse --show-toplevel [1ms]
2025-07-27 15:52:33.485 [info] > git rev-parse --show-toplevel [1ms]
2025-07-27 15:52:33.491 [info] > git rev-parse --show-toplevel [1ms]
2025-07-27 15:52:33.497 [info] > git rev-parse --show-toplevel [1ms]
2025-07-27 15:52:33.503 [info] > git rev-parse --show-toplevel [1ms]
2025-07-27 15:52:33.509 [info] > git rev-parse --show-toplevel [1ms]
2025-07-27 15:52:33.516 [info] > git rev-parse --show-toplevel [1ms]
2025-07-27 15:52:33.522 [info] > git rev-parse --show-toplevel [1ms]
2025-07-27 15:52:33.523 [info] [Model][doInitialScan] Initial repository scan completed - repositories (0), closed repositories (0), parent repositories (1), unsafe repositories (0)
2025-07-27 15:52:34.951 [info] > git rev-parse --show-toplevel [1ms]
