2025-07-27 17:49:33.541 [info] [main] Log level: Info
2025-07-27 17:49:33.541 [info] [main] Validating found git in: "git"
2025-07-27 17:49:33.541 [info] [main] Using git "2.50.1" from "git"
2025-07-27 17:49:33.541 [info] [Model][doInitialScan] Initial repository scan started
2025-07-27 17:49:33.541 [info] > git rev-parse --show-toplevel [3ms]
2025-07-27 17:49:33.541 [info] > git rev-parse --show-toplevel [2ms]
2025-07-27 17:49:33.541 [info] > git rev-parse --show-toplevel [1ms]
2025-07-27 17:49:33.541 [info] > git rev-parse --show-toplevel [1ms]
2025-07-27 17:49:33.541 [info] > git rev-parse --show-toplevel [1ms]
2025-07-27 17:49:33.541 [info] > git rev-parse --show-toplevel [1ms]
2025-07-27 17:49:33.541 [info] > git rev-parse --show-toplevel [8ms]
2025-07-27 17:49:33.565 [info] > git rev-parse --show-toplevel [19ms]
2025-07-27 17:49:33.576 [info] > git rev-parse --show-toplevel [1ms]
2025-07-27 17:49:33.582 [info] > git rev-parse --show-toplevel [1ms]
2025-07-27 17:49:33.592 [info] > git rev-parse --show-toplevel [4ms]
2025-07-27 17:49:33.599 [info] > git rev-parse --show-toplevel [1ms]
2025-07-27 17:49:33.606 [info] > git rev-parse --show-toplevel [1ms]
2025-07-27 17:49:33.611 [info] > git rev-parse --show-toplevel [1ms]
2025-07-27 17:49:33.616 [info] > git rev-parse --show-toplevel [1ms]
2025-07-27 17:49:33.622 [info] > git rev-parse --show-toplevel [1ms]
2025-07-27 17:49:33.628 [info] > git rev-parse --show-toplevel [1ms]
2025-07-27 17:49:33.634 [info] > git rev-parse --show-toplevel [1ms]
2025-07-27 17:49:33.640 [info] > git rev-parse --show-toplevel [1ms]
2025-07-27 17:49:33.646 [info] > git rev-parse --show-toplevel [1ms]
2025-07-27 17:49:33.651 [info] > git rev-parse --show-toplevel [1ms]
2025-07-27 17:49:33.657 [info] > git rev-parse --show-toplevel [1ms]
2025-07-27 17:49:33.662 [info] > git rev-parse --show-toplevel [1ms]
2025-07-27 17:49:33.668 [info] > git rev-parse --show-toplevel [1ms]
2025-07-27 17:49:33.674 [info] > git rev-parse --show-toplevel [1ms]
2025-07-27 17:49:33.680 [info] > git rev-parse --show-toplevel [1ms]
2025-07-27 17:49:33.685 [info] > git rev-parse --show-toplevel [1ms]
2025-07-27 17:49:33.691 [info] > git rev-parse --show-toplevel [1ms]
2025-07-27 17:49:33.697 [info] > git rev-parse --show-toplevel [1ms]
2025-07-27 17:49:33.703 [info] > git rev-parse --show-toplevel [1ms]
2025-07-27 17:49:33.709 [info] > git rev-parse --show-toplevel [0ms]
2025-07-27 17:49:33.714 [info] > git rev-parse --show-toplevel [1ms]
2025-07-27 17:49:33.719 [info] > git rev-parse --show-toplevel [1ms]
2025-07-27 17:49:33.725 [info] > git rev-parse --show-toplevel [1ms]
2025-07-27 17:49:33.731 [info] > git rev-parse --show-toplevel [1ms]
2025-07-27 17:49:33.732 [info] [Model][doInitialScan] Initial repository scan completed - repositories (0), closed repositories (0), parent repositories (1), unsafe repositories (0)
2025-07-27 17:49:33.738 [info] > git rev-parse --show-toplevel [1ms]
2025-07-27 17:49:35.294 [info] > git rev-parse --show-toplevel [0ms]
2025-07-27 17:49:35.366 [info] > git rev-parse --show-toplevel [2ms]
2025-07-27 17:51:08.055 [info] > git rev-parse --show-toplevel [1ms]
2025-07-27 17:51:08.062 [info] > git rev-parse --show-toplevel [1ms]
2025-07-27 17:51:08.068 [info] > git rev-parse --show-toplevel [1ms]
2025-07-27 17:51:09.840 [info] > git rev-parse --show-toplevel [1ms]
2025-07-27 17:51:09.880 [info] > git rev-parse --show-toplevel [1ms]
2025-07-27 17:51:09.885 [info] > git rev-parse --show-toplevel [1ms]
2025-07-27 17:51:11.716 [info] > git rev-parse --show-toplevel [1ms]
2025-07-27 17:51:11.726 [info] > git rev-parse --show-toplevel [1ms]
2025-07-27 17:51:11.733 [info] > git rev-parse --show-toplevel [1ms]
2025-07-27 17:51:13.402 [info] > git rev-parse --show-toplevel [1ms]
2025-07-27 17:51:13.416 [info] > git rev-parse --show-toplevel [1ms]
2025-07-27 17:51:13.422 [info] > git rev-parse --show-toplevel [1ms]
2025-07-27 17:51:17.160 [info] > git rev-parse --show-toplevel [1ms]
2025-07-27 17:51:17.176 [info] > git rev-parse --show-toplevel [2ms]
2025-07-27 17:51:17.184 [info] > git rev-parse --show-toplevel [3ms]
2025-07-27 17:51:18.035 [info] > git rev-parse --show-toplevel [1ms]
2025-07-27 17:51:18.045 [info] > git rev-parse --show-toplevel [1ms]
2025-07-27 17:51:18.051 [info] > git rev-parse --show-toplevel [1ms]
2025-07-27 17:51:18.984 [info] > git rev-parse --show-toplevel [1ms]
2025-07-27 17:51:18.998 [info] > git rev-parse --show-toplevel [1ms]
2025-07-27 17:51:19.004 [info] > git rev-parse --show-toplevel [1ms]
2025-07-27 17:51:19.365 [info] > git rev-parse --show-toplevel [1ms]
2025-07-27 17:51:19.373 [info] > git rev-parse --show-toplevel [1ms]
2025-07-27 17:51:19.379 [info] > git rev-parse --show-toplevel [1ms]
2025-07-27 17:51:20.064 [info] > git rev-parse --show-toplevel [1ms]
2025-07-27 17:51:20.078 [info] > git rev-parse --show-toplevel [2ms]
2025-07-27 17:51:20.084 [info] > git rev-parse --show-toplevel [1ms]
2025-07-27 17:51:22.626 [info] > git rev-parse --show-toplevel [1ms]
2025-07-27 17:51:22.634 [info] > git rev-parse --show-toplevel [1ms]
2025-07-27 17:51:22.641 [info] > git rev-parse --show-toplevel [1ms]
2025-07-27 17:51:23.054 [info] > git rev-parse --show-toplevel [1ms]
2025-07-27 17:51:23.060 [info] > git rev-parse --show-toplevel [1ms]
2025-07-27 17:51:23.066 [info] > git rev-parse --show-toplevel [1ms]
2025-07-27 17:51:27.407 [info] > git rev-parse --show-toplevel [2ms]
2025-07-27 17:51:27.414 [info] > git rev-parse --show-toplevel [2ms]
2025-07-27 17:51:27.420 [info] > git rev-parse --show-toplevel [1ms]
2025-07-27 17:51:31.228 [info] > git rev-parse --show-toplevel [2ms]
2025-07-27 17:51:31.242 [info] > git rev-parse --show-toplevel [2ms]
2025-07-27 17:51:31.248 [info] > git rev-parse --show-toplevel [1ms]
