2025-07-27 15:56:27.079 [info] [main] Log level: Info
2025-07-27 15:56:27.079 [info] [main] Validating found git in: "git"
2025-07-27 15:56:27.079 [info] [main] Using git "2.50.1" from "git"
2025-07-27 15:56:27.079 [info] [Model][doInitialScan] Initial repository scan started
2025-07-27 15:56:27.079 [info] > git rev-parse --show-toplevel [7ms]
2025-07-27 15:56:27.079 [info] > git rev-parse --show-toplevel [4ms]
2025-07-27 15:56:27.079 [info] > git rev-parse --show-toplevel [1ms]
2025-07-27 15:56:27.079 [info] > git rev-parse --show-toplevel [2ms]
2025-07-27 15:56:27.079 [info] > git rev-parse --show-toplevel [5ms]
2025-07-27 15:56:27.105 [info] > git rev-parse --show-toplevel [4ms]
2025-07-27 15:56:27.112 [info] > git rev-parse --show-toplevel [1ms]
2025-07-27 15:56:27.118 [info] > git rev-parse --show-toplevel [1ms]
2025-07-27 15:56:27.124 [info] > git rev-parse --show-toplevel [1ms]
2025-07-27 15:56:27.130 [info] > git rev-parse --show-toplevel [1ms]
2025-07-27 15:56:27.136 [info] > git rev-parse --show-toplevel [0ms]
2025-07-27 15:56:27.141 [info] > git rev-parse --show-toplevel [1ms]
2025-07-27 15:56:27.147 [info] > git rev-parse --show-toplevel [1ms]
2025-07-27 15:56:27.153 [info] > git rev-parse --show-toplevel [1ms]
2025-07-27 15:56:27.158 [info] > git rev-parse --show-toplevel [1ms]
2025-07-27 15:56:27.164 [info] > git rev-parse --show-toplevel [1ms]
2025-07-27 15:56:27.170 [info] > git rev-parse --show-toplevel [1ms]
2025-07-27 15:56:27.176 [info] > git rev-parse --show-toplevel [1ms]
2025-07-27 15:56:27.181 [info] > git rev-parse --show-toplevel [1ms]
2025-07-27 15:56:27.187 [info] > git rev-parse --show-toplevel [1ms]
2025-07-27 15:56:27.193 [info] > git rev-parse --show-toplevel [1ms]
2025-07-27 15:56:27.199 [info] > git rev-parse --show-toplevel [1ms]
2025-07-27 15:56:27.205 [info] > git rev-parse --show-toplevel [1ms]
2025-07-27 15:56:27.211 [info] > git rev-parse --show-toplevel [1ms]
2025-07-27 15:56:27.216 [info] > git rev-parse --show-toplevel [0ms]
2025-07-27 15:56:27.221 [info] > git rev-parse --show-toplevel [0ms]
2025-07-27 15:56:27.227 [info] > git rev-parse --show-toplevel [1ms]
2025-07-27 15:56:27.232 [info] > git rev-parse --show-toplevel [0ms]
2025-07-27 15:56:27.238 [info] > git rev-parse --show-toplevel [1ms]
2025-07-27 15:56:27.244 [info] > git rev-parse --show-toplevel [1ms]
2025-07-27 15:56:27.250 [info] > git rev-parse --show-toplevel [1ms]
2025-07-27 15:56:27.255 [info] > git rev-parse --show-toplevel [1ms]
2025-07-27 15:56:27.261 [info] > git rev-parse --show-toplevel [1ms]
2025-07-27 15:56:27.267 [info] > git rev-parse --show-toplevel [1ms]
2025-07-27 15:56:27.273 [info] > git rev-parse --show-toplevel [1ms]
2025-07-27 15:56:27.273 [info] [Model][doInitialScan] Initial repository scan completed - repositories (0), closed repositories (0), parent repositories (1), unsafe repositories (0)
2025-07-27 15:56:27.692 [info] > git rev-parse --show-toplevel [1ms]
2025-07-27 15:56:27.774 [info] > git rev-parse --show-toplevel [1ms]
2025-07-27 15:56:27.825 [info] > git rev-parse --show-toplevel [1ms]
2025-07-27 15:56:28.714 [info] > git rev-parse --show-toplevel [1ms]
2025-07-27 15:57:31.177 [info] > git rev-parse --show-toplevel [1ms]
2025-07-27 15:57:37.535 [info] > git rev-parse --show-toplevel [1ms]
2025-07-27 15:57:38.168 [info] > git rev-parse --show-toplevel [2ms]
2025-07-27 15:58:10.225 [info] > git rev-parse --show-toplevel [1ms]
2025-07-27 15:58:11.429 [info] > git rev-parse --show-toplevel [1ms]
2025-07-27 15:59:46.204 [info] > git rev-parse --show-toplevel [1ms]
2025-07-27 16:01:20.410 [info] > git rev-parse --show-toplevel [1ms]
2025-07-27 16:01:21.378 [info] > git rev-parse --show-toplevel [1ms]
2025-07-27 16:01:22.877 [info] > git rev-parse --show-toplevel [3ms]
2025-07-27 16:01:26.023 [info] > git rev-parse --show-toplevel [2ms]
2025-07-27 16:01:29.536 [info] > git rev-parse --show-toplevel [1ms]
2025-07-27 16:01:34.024 [info] > git rev-parse --show-toplevel [1ms]
2025-07-27 16:01:37.829 [info] > git rev-parse --show-toplevel [1ms]
2025-07-27 16:03:27.770 [info] > git rev-parse --show-toplevel [2ms]
